<?xml version="1.0" encoding="utf-8"?><testsuites name="pytest tests"><testsuite name="pytest" errors="0" failures="0" skipped="0" tests="1" time="0.314" timestamp="2025-06-22T12:48:59.587292-05:00" hostname="MacBook-Pro.local"><testcase classname="tests.unit.test_sample_pytest.TestSampleUnit" name="test_basic_functionality" time="0.034" /></testsuite></testsuites>